{"D:\\Estudo\\nodejs\\nodejs-study\\src\\common\\common.utils.js": {"path":"D:\\Estudo\\nodejs\\nodejs-study\\src\\common\\common.utils.js","statementMap":{"0":{"start":{"line":4,"column":8},"end":{"line":4,"column":56}}},"fnMap":{"0":{"name":"(anonymous_0)","decl":{"start":{"line":3,"column":4},"end":{"line":3,"column":5}},"loc":{"start":{"line":3,"column":50},"end":{"line":5,"column":5}},"line":3}},"branchMap":{},"s":{"0":2},"f":{"0":2},"b":{},"inputSourceMap":null,"_coverageSchema":"1a1c01bbd47fc00a2c39e90264f33305004495a9","hash":"b38f77531108169f4da6eea46a402f524a1b7fbf"}
,"D:\\Estudo\\nodejs\\nodejs-study\\src\\config\\rabbitmq.config.js": {"path":"D:\\Estudo\\nodejs\\nodejs-study\\src\\config\\rabbitmq.config.js","statementMap":{"0":{"start":{"line":4,"column":0},"end":{"line":4,"column":32}},"1":{"start":{"line":6,"column":26},"end":{"line":6,"column":41}},"2":{"start":{"line":8,"column":15},"end":{"line":12,"column":1}},"3":{"start":{"line":14,"column":13},"end":{"line":16,"column":1}},"4":{"start":{"line":17,"column":23},"end":{"line":17,"column":49}}},"fnMap":{},"branchMap":{"0":{"loc":{"start":{"line":9,"column":10},"end":{"line":9,"column":48}},"type":"binary-expr","locations":[{"start":{"line":9,"column":10},"end":{"line":9,"column":33}},{"start":{"line":9,"column":37},"end":{"line":9,"column":48}}],"line":9},"1":{"loc":{"start":{"line":10,"column":10},"end":{"line":10,"column":44}},"type":"binary-expr","locations":[{"start":{"line":10,"column":10},"end":{"line":10,"column":33}},{"start":{"line":10,"column":37},"end":{"line":10,"column":44}}],"line":10},"2":{"loc":{"start":{"line":11,"column":14},"end":{"line":11,"column":55}},"type":"binary-expr","locations":[{"start":{"line":11,"column":14},"end":{"line":11,"column":41}},{"start":{"line":11,"column":45},"end":{"line":11,"column":55}}],"line":11}},"s":{"0":2,"1":2,"2":2,"3":2,"4":2},"f":{},"b":{"0":[2,2],"1":[2,2],"2":[2,2]},"inputSourceMap":null,"_coverageSchema":"1a1c01bbd47fc00a2c39e90264f33305004495a9","hash":"fb102e80666e59cd2a00a9cecc74dbed6465195b"}
,"D:\\Estudo\\nodejs\\nodejs-study\\src\\config\\server.config.js": {"path":"D:\\Estudo\\nodejs\\nodejs-study\\src\\config\\server.config.js","statementMap":{"0":{"start":{"line":8,"column":0},"end":{"line":8,"column":32}},"1":{"start":{"line":10,"column":19},"end":{"line":10,"column":28}},"2":{"start":{"line":12,"column":0},"end":{"line":12,"column":24}},"3":{"start":{"line":13,"column":0},"end":{"line":13,"column":24}},"4":{"start":{"line":14,"column":0},"end":{"line":14,"column":24}},"5":{"start":{"line":15,"column":0},"end":{"line":15,"column":27}},"6":{"start":{"line":19,"column":0},"end":{"line":21,"column":1}},"7":{"start":{"line":20,"column":4},"end":{"line":20,"column":42}}},"fnMap":{},"branchMap":{"0":{"loc":{"start":{"line":19,"column":0},"end":{"line":21,"column":1}},"type":"if","locations":[{"start":{"line":19,"column":0},"end":{"line":21,"column":1}},{"start":{},"end":{}}],"line":19}},"s":{"0":2,"1":2,"2":2,"3":2,"4":2,"5":2,"6":2,"7":0},"f":{},"b":{"0":[0,2]},"inputSourceMap":null,"_coverageSchema":"1a1c01bbd47fc00a2c39e90264f33305004495a9","hash":"71b0756937b8ba6e9d3b15004a82e3d1e56ae12f"}
,"D:\\Estudo\\nodejs\\nodejs-study\\src\\constants\\errors.constants.js": {"path":"D:\\Estudo\\nodejs\\nodejs-study\\src\\constants\\errors.constants.js","statementMap":{"0":{"start":{"line":2,"column":28},"end":{"line":2,"column":37}},"1":{"start":{"line":3,"column":26},"end":{"line":3,"column":34}},"2":{"start":{"line":4,"column":26},"end":{"line":4,"column":34}}},"fnMap":{},"branchMap":{},"s":{"0":4,"1":4,"2":4},"f":{},"b":{},"inputSourceMap":null,"_coverageSchema":"1a1c01bbd47fc00a2c39e90264f33305004495a9","hash":"aaf405f0c1a5483320c30c21f1bcf65989ba6073"}
,"D:\\Estudo\\nodejs\\nodejs-study\\src\\controller\\common.controller.js": {"path":"D:\\Estudo\\nodejs\\nodejs-study\\src\\controller\\common.controller.js","statementMap":{"0":{"start":{"line":9,"column":14},"end":{"line":9,"column":22}},"1":{"start":{"line":10,"column":2},"end":{"line":16,"column":3}},"2":{"start":{"line":11,"column":4},"end":{"line":13,"column":62}},"3":{"start":{"line":15,"column":4},"end":{"line":15,"column":33}},"4":{"start":{"line":20,"column":2},"end":{"line":26,"column":3}},"5":{"start":{"line":21,"column":17},"end":{"line":21,"column":40}},"6":{"start":{"line":22,"column":21},"end":{"line":22,"column":55}},"7":{"start":{"line":23,"column":4},"end":{"line":23,"column":52}},"8":{"start":{"line":25,"column":4},"end":{"line":25,"column":33}},"9":{"start":{"line":30,"column":13},"end":{"line":30,"column":26}},"10":{"start":{"line":31,"column":2},"end":{"line":37,"column":3}},"11":{"start":{"line":32,"column":17},"end":{"line":32,"column":43}},"12":{"start":{"line":33,"column":21},"end":{"line":33,"column":55}},"13":{"start":{"line":34,"column":4},"end":{"line":34,"column":52}},"14":{"start":{"line":36,"column":4},"end":{"line":36,"column":33}},"15":{"start":{"line":41,"column":14},"end":{"line":41,"column":22}},"16":{"start":{"line":42,"column":13},"end":{"line":42,"column":26}},"17":{"start":{"line":43,"column":2},"end":{"line":52,"column":3}},"18":{"start":{"line":44,"column":17},"end":{"line":44,"column":46}},"19":{"start":{"line":45,"column":21},"end":{"line":48,"column":5}},"20":{"start":{"line":49,"column":4},"end":{"line":49,"column":52}},"21":{"start":{"line":51,"column":4},"end":{"line":51,"column":33}},"22":{"start":{"line":56,"column":13},"end":{"line":56,"column":26}},"23":{"start":{"line":57,"column":2},"end":{"line":66,"column":3}},"24":{"start":{"line":58,"column":17},"end":{"line":58,"column":41}},"25":{"start":{"line":59,"column":21},"end":{"line":62,"column":5}},"26":{"start":{"line":63,"column":4},"end":{"line":63,"column":52}},"27":{"start":{"line":65,"column":4},"end":{"line":65,"column":33}}},"fnMap":{"0":{"name":"create","decl":{"start":{"line":8,"column":15},"end":{"line":8,"column":21}},"loc":{"start":{"line":8,"column":41},"end":{"line":17,"column":1}},"line":8},"1":{"name":"findAll","decl":{"start":{"line":19,"column":15},"end":{"line":19,"column":22}},"loc":{"start":{"line":19,"column":42},"end":{"line":27,"column":1}},"line":19},"2":{"name":"findById","decl":{"start":{"line":29,"column":15},"end":{"line":29,"column":23}},"loc":{"start":{"line":29,"column":43},"end":{"line":38,"column":1}},"line":29},"3":{"name":"update","decl":{"start":{"line":40,"column":15},"end":{"line":40,"column":21}},"loc":{"start":{"line":40,"column":41},"end":{"line":53,"column":1}},"line":40},"4":{"name":"deleteById","decl":{"start":{"line":55,"column":15},"end":{"line":55,"column":25}},"loc":{"start":{"line":55,"column":45},"end":{"line":67,"column":1}},"line":55}},"branchMap":{},"s":{"0":8,"1":8,"2":8,"3":6,"4":6,"5":6,"6":4,"7":4,"8":2,"9":6,"10":6,"11":6,"12":4,"13":4,"14":2,"15":6,"16":6,"17":6,"18":6,"19":4,"20":4,"21":2,"22":6,"23":6,"24":6,"25":4,"26":4,"27":2},"f":{"0":8,"1":6,"2":6,"3":6,"4":6},"b":{},"inputSourceMap":null,"_coverageSchema":"1a1c01bbd47fc00a2c39e90264f33305004495a9","hash":"354bb6b3fc94461021a544b1f92c6220801510ee"}
,"D:\\Estudo\\nodejs\\nodejs-study\\src\\controller\\pokemon.controller.js": {"path":"D:\\Estudo\\nodejs\\nodejs-study\\src\\controller\\pokemon.controller.js","statementMap":{"0":{"start":{"line":13,"column":4},"end":{"line":13,"column":19}},"1":{"start":{"line":17,"column":4},"end":{"line":17,"column":20}},"2":{"start":{"line":21,"column":4},"end":{"line":21,"column":30}},"3":{"start":{"line":24,"column":4},"end":{"line":24,"column":31}},"4":{"start":{"line":27,"column":4},"end":{"line":27,"column":32}},"5":{"start":{"line":30,"column":4},"end":{"line":30,"column":30}},"6":{"start":{"line":33,"column":4},"end":{"line":33,"column":34}}},"fnMap":{"0":{"name":"(anonymous_0)","decl":{"start":{"line":12,"column":2},"end":{"line":12,"column":3}},"loc":{"start":{"line":12,"column":17},"end":{"line":14,"column":3}},"line":12},"1":{"name":"(anonymous_1)","decl":{"start":{"line":16,"column":2},"end":{"line":16,"column":3}},"loc":{"start":{"line":16,"column":22},"end":{"line":18,"column":3}},"line":16},"2":{"name":"(anonymous_2)","decl":{"start":{"line":20,"column":2},"end":{"line":20,"column":3}},"loc":{"start":{"line":20,"column":19},"end":{"line":22,"column":3}},"line":20},"3":{"name":"(anonymous_3)","decl":{"start":{"line":23,"column":2},"end":{"line":23,"column":3}},"loc":{"start":{"line":23,"column":20},"end":{"line":25,"column":3}},"line":23},"4":{"name":"(anonymous_4)","decl":{"start":{"line":26,"column":2},"end":{"line":26,"column":3}},"loc":{"start":{"line":26,"column":21},"end":{"line":28,"column":3}},"line":26},"5":{"name":"(anonymous_5)","decl":{"start":{"line":29,"column":2},"end":{"line":29,"column":3}},"loc":{"start":{"line":29,"column":19},"end":{"line":31,"column":3}},"line":29},"6":{"name":"(anonymous_6)","decl":{"start":{"line":32,"column":2},"end":{"line":32,"column":3}},"loc":{"start":{"line":32,"column":19},"end":{"line":34,"column":3}},"line":32}},"branchMap":{},"s":{"0":5,"1":1,"2":4,"3":3,"4":3,"5":3,"6":3},"f":{"0":5,"1":1,"2":4,"3":3,"4":3,"5":3,"6":3},"b":{},"inputSourceMap":null,"_coverageSchema":"1a1c01bbd47fc00a2c39e90264f33305004495a9","hash":"039ff6370c00e86b1766ae6fce0b1fc51235d97f"}
,"D:\\Estudo\\nodejs\\nodejs-study\\src\\controller\\user.controller.js": {"path":"D:\\Estudo\\nodejs\\nodejs-study\\src\\controller\\user.controller.js","statementMap":{"0":{"start":{"line":12,"column":4},"end":{"line":12,"column":19}},"1":{"start":{"line":16,"column":4},"end":{"line":16,"column":20}},"2":{"start":{"line":20,"column":4},"end":{"line":20,"column":30}},"3":{"start":{"line":23,"column":4},"end":{"line":23,"column":31}},"4":{"start":{"line":26,"column":4},"end":{"line":26,"column":32}},"5":{"start":{"line":29,"column":4},"end":{"line":29,"column":30}},"6":{"start":{"line":32,"column":4},"end":{"line":32,"column":34}},"7":{"start":{"line":36,"column":31},"end":{"line":36,"column":39}},"8":{"start":{"line":37,"column":4},"end":{"line":50,"column":5}},"9":{"start":{"line":38,"column":19},"end":{"line":38,"column":70}},"10":{"start":{"line":39,"column":6},"end":{"line":47,"column":8}},"11":{"start":{"line":49,"column":6},"end":{"line":49,"column":35}},"12":{"start":{"line":55,"column":2},"end":{"line":55,"column":69}}},"fnMap":{"0":{"name":"(anonymous_0)","decl":{"start":{"line":11,"column":2},"end":{"line":11,"column":3}},"loc":{"start":{"line":11,"column":17},"end":{"line":13,"column":3}},"line":11},"1":{"name":"(anonymous_1)","decl":{"start":{"line":15,"column":2},"end":{"line":15,"column":3}},"loc":{"start":{"line":15,"column":22},"end":{"line":17,"column":3}},"line":15},"2":{"name":"(anonymous_2)","decl":{"start":{"line":19,"column":2},"end":{"line":19,"column":3}},"loc":{"start":{"line":19,"column":19},"end":{"line":21,"column":3}},"line":19},"3":{"name":"(anonymous_3)","decl":{"start":{"line":22,"column":2},"end":{"line":22,"column":3}},"loc":{"start":{"line":22,"column":20},"end":{"line":24,"column":3}},"line":22},"4":{"name":"(anonymous_4)","decl":{"start":{"line":25,"column":2},"end":{"line":25,"column":3}},"loc":{"start":{"line":25,"column":21},"end":{"line":27,"column":3}},"line":25},"5":{"name":"(anonymous_5)","decl":{"start":{"line":28,"column":2},"end":{"line":28,"column":3}},"loc":{"start":{"line":28,"column":19},"end":{"line":30,"column":3}},"line":28},"6":{"name":"(anonymous_6)","decl":{"start":{"line":31,"column":2},"end":{"line":31,"column":3}},"loc":{"start":{"line":31,"column":19},"end":{"line":33,"column":3}},"line":31},"7":{"name":"(anonymous_7)","decl":{"start":{"line":35,"column":2},"end":{"line":35,"column":3}},"loc":{"start":{"line":35,"column":24},"end":{"line":51,"column":3}},"line":35},"8":{"name":"getToken","decl":{"start":{"line":54,"column":9},"end":{"line":54,"column":17}},"loc":{"start":{"line":54,"column":24},"end":{"line":56,"column":1}},"line":54}},"branchMap":{},"s":{"0":6,"1":1,"2":4,"3":3,"4":3,"5":3,"6":3,"7":2,"8":2,"9":2,"10":1,"11":1,"12":1},"f":{"0":6,"1":1,"2":4,"3":3,"4":3,"5":3,"6":3,"7":2,"8":1},"b":{},"inputSourceMap":null,"_coverageSchema":"1a1c01bbd47fc00a2c39e90264f33305004495a9","hash":"ef01d948df61184d9faa4df7844b5c4139c0ff2b"}
,"D:\\Estudo\\nodejs\\nodejs-study\\src\\dto\\error.dto.js": {"path":"D:\\Estudo\\nodejs\\nodejs-study\\src\\dto\\error.dto.js","statementMap":{"0":{"start":{"line":3,"column":11},"end":{"line":3,"column":15}},"1":{"start":{"line":4,"column":14},"end":{"line":4,"column":18}},"2":{"start":{"line":7,"column":8},"end":{"line":7,"column":25}},"3":{"start":{"line":8,"column":8},"end":{"line":8,"column":31}}},"fnMap":{"0":{"name":"(anonymous_0)","decl":{"start":{"line":6,"column":4},"end":{"line":6,"column":5}},"loc":{"start":{"line":6,"column":31},"end":{"line":9,"column":5}},"line":6}},"branchMap":{},"s":{"0":31,"1":31,"2":31,"3":31},"f":{"0":31},"b":{},"inputSourceMap":null,"_coverageSchema":"1a1c01bbd47fc00a2c39e90264f33305004495a9","hash":"befb82cecdd10e0f097fdb7dccea42fb23072408"}
,"D:\\Estudo\\nodejs\\nodejs-study\\src\\dto\\pokemon.dto.js": {"path":"D:\\Estudo\\nodejs\\nodejs-study\\src\\dto\\pokemon.dto.js","statementMap":{"0":{"start":{"line":2,"column":9},"end":{"line":2,"column":13}},"1":{"start":{"line":3,"column":11},"end":{"line":3,"column":15}},"2":{"start":{"line":4,"column":16},"end":{"line":4,"column":20}},"3":{"start":{"line":5,"column":17},"end":{"line":5,"column":21}},"4":{"start":{"line":6,"column":19},"end":{"line":6,"column":23}},"5":{"start":{"line":9,"column":8},"end":{"line":9,"column":32}},"6":{"start":{"line":10,"column":8},"end":{"line":10,"column":36}},"7":{"start":{"line":11,"column":8},"end":{"line":11,"column":46}},"8":{"start":{"line":12,"column":8},"end":{"line":12,"column":48}},"9":{"start":{"line":13,"column":8},"end":{"line":13,"column":52}}},"fnMap":{"0":{"name":"(anonymous_0)","decl":{"start":{"line":8,"column":4},"end":{"line":8,"column":5}},"loc":{"start":{"line":8,"column":28},"end":{"line":14,"column":5}},"line":8}},"branchMap":{},"s":{"0":8,"1":8,"2":8,"3":8,"4":8,"5":8,"6":8,"7":8,"8":8,"9":8},"f":{"0":8},"b":{},"inputSourceMap":null,"_coverageSchema":"1a1c01bbd47fc00a2c39e90264f33305004495a9","hash":"3f29e55aab052f31072a9b0b6301bc1dd88fea73"}
,"D:\\Estudo\\nodejs\\nodejs-study\\src\\dto\\response.dto.js": {"path":"D:\\Estudo\\nodejs\\nodejs-study\\src\\dto\\response.dto.js","statementMap":{"0":{"start":{"line":3,"column":11},"end":{"line":3,"column":15}},"1":{"start":{"line":4,"column":13},"end":{"line":4,"column":17}},"2":{"start":{"line":7,"column":8},"end":{"line":7,"column":25}},"3":{"start":{"line":8,"column":8},"end":{"line":8,"column":29}}},"fnMap":{"0":{"name":"(anonymous_0)","decl":{"start":{"line":6,"column":4},"end":{"line":6,"column":5}},"loc":{"start":{"line":6,"column":30},"end":{"line":9,"column":5}},"line":6}},"branchMap":{},"s":{"0":37,"1":37,"2":37,"3":37},"f":{"0":37},"b":{},"inputSourceMap":null,"_coverageSchema":"1a1c01bbd47fc00a2c39e90264f33305004495a9","hash":"5ee72109def67145271699b4feddd3e47c9a527f"}
,"D:\\Estudo\\nodejs\\nodejs-study\\src\\dto\\user.dto.js": {"path":"D:\\Estudo\\nodejs\\nodejs-study\\src\\dto\\user.dto.js","statementMap":{"0":{"start":{"line":2,"column":11},"end":{"line":2,"column":15}},"1":{"start":{"line":3,"column":15},"end":{"line":3,"column":19}},"2":{"start":{"line":6,"column":8},"end":{"line":6,"column":33}},"3":{"start":{"line":7,"column":8},"end":{"line":7,"column":41}}},"fnMap":{"0":{"name":"(anonymous_0)","decl":{"start":{"line":5,"column":4},"end":{"line":5,"column":5}},"loc":{"start":{"line":5,"column":25},"end":{"line":8,"column":5}},"line":5}},"branchMap":{},"s":{"0":7,"1":7,"2":7,"3":7},"f":{"0":7},"b":{},"inputSourceMap":null,"_coverageSchema":"1a1c01bbd47fc00a2c39e90264f33305004495a9","hash":"66770a75b6f392fb71fcc5eb93e5d94dbd48fd0e"}
,"D:\\Estudo\\nodejs\\nodejs-study\\src\\factory\\pokemon-routes.factory.js": {"path":"D:\\Estudo\\nodejs\\nodejs-study\\src\\factory\\pokemon-routes.factory.js","statementMap":{"0":{"start":{"line":8,"column":4},"end":{"line":8,"column":54}},"1":{"start":{"line":9,"column":4},"end":{"line":9,"column":69}},"2":{"start":{"line":10,"column":4},"end":{"line":10,"column":67}},"3":{"start":{"line":11,"column":4},"end":{"line":11,"column":79}},"4":{"start":{"line":13,"column":4},"end":{"line":13,"column":20}}},"fnMap":{"0":{"name":"pokemonRoutesInitialize","decl":{"start":{"line":7,"column":16},"end":{"line":7,"column":39}},"loc":{"start":{"line":7,"column":42},"end":{"line":14,"column":1}},"line":7}},"branchMap":{},"s":{"0":0,"1":0,"2":0,"3":0,"4":0},"f":{"0":0},"b":{},"inputSourceMap":null}
,"D:\\Estudo\\nodejs\\nodejs-study\\src\\factory\\user-routes.factory.js": {"path":"D:\\Estudo\\nodejs\\nodejs-study\\src\\factory\\user-routes.factory.js","statementMap":{"0":{"start":{"line":7,"column":4},"end":{"line":7,"column":48}},"1":{"start":{"line":8,"column":4},"end":{"line":8,"column":63}},"2":{"start":{"line":9,"column":4},"end":{"line":9,"column":59}},"3":{"start":{"line":11,"column":4},"end":{"line":11,"column":17}}},"fnMap":{"0":{"name":"userRoutesInitialize","decl":{"start":{"line":6,"column":16},"end":{"line":6,"column":36}},"loc":{"start":{"line":6,"column":39},"end":{"line":12,"column":1}},"line":6}},"branchMap":{},"s":{"0":0,"1":0,"2":0,"3":0},"f":{"0":0},"b":{},"inputSourceMap":null}
,"D:\\Estudo\\nodejs\\nodejs-study\\src\\middleware\\auth.middleware.js": {"path":"D:\\Estudo\\nodejs\\nodejs-study\\src\\middleware\\auth.middleware.js","statementMap":{"0":{"start":{"line":6,"column":0},"end":{"line":6,"column":34}},"1":{"start":{"line":9,"column":2},"end":{"line":25,"column":5}},"2":{"start":{"line":10,"column":4},"end":{"line":12,"column":5}},"3":{"start":{"line":11,"column":6},"end":{"line":11,"column":20}},"4":{"start":{"line":13,"column":4},"end":{"line":18,"column":5}},"5":{"start":{"line":14,"column":6},"end":{"line":16,"column":57}},"6":{"start":{"line":17,"column":6},"end":{"line":17,"column":13}},"7":{"start":{"line":19,"column":4},"end":{"line":24,"column":5}},"8":{"start":{"line":20,"column":6},"end":{"line":22,"column":57}},"9":{"start":{"line":23,"column":6},"end":{"line":23,"column":13}},"10":{"start":{"line":30,"column":4},"end":{"line":30,"column":52}},"11":{"start":{"line":34,"column":4},"end":{"line":39,"column":5}},"12":{"start":{"line":35,"column":6},"end":{"line":37,"column":67}},"13":{"start":{"line":38,"column":6},"end":{"line":38,"column":13}},"14":{"start":{"line":41,"column":22},"end":{"line":41,"column":58}},"15":{"start":{"line":42,"column":4},"end":{"line":42,"column":34}}},"fnMap":{"0":{"name":"verifyToken","decl":{"start":{"line":8,"column":9},"end":{"line":8,"column":20}},"loc":{"start":{"line":8,"column":39},"end":{"line":26,"column":1}},"line":8},"1":{"name":"(anonymous_1)","decl":{"start":{"line":9,"column":45},"end":{"line":9,"column":46}},"loc":{"start":{"line":9,"column":63},"end":{"line":25,"column":3}},"line":9},"2":{"name":"(anonymous_2)","decl":{"start":{"line":29,"column":2},"end":{"line":29,"column":3}},"loc":{"start":{"line":29,"column":19},"end":{"line":31,"column":3}},"line":29},"3":{"name":"(anonymous_3)","decl":{"start":{"line":33,"column":2},"end":{"line":33,"column":3}},"loc":{"start":{"line":33,"column":40},"end":{"line":43,"column":3}},"line":33}},"branchMap":{"0":{"loc":{"start":{"line":10,"column":4},"end":{"line":12,"column":5}},"type":"if","locations":[{"start":{"line":10,"column":4},"end":{"line":12,"column":5}},{"start":{},"end":{}}],"line":10},"1":{"loc":{"start":{"line":13,"column":4},"end":{"line":18,"column":5}},"type":"if","locations":[{"start":{"line":13,"column":4},"end":{"line":18,"column":5}},{"start":{},"end":{}}],"line":13},"2":{"loc":{"start":{"line":19,"column":4},"end":{"line":24,"column":5}},"type":"if","locations":[{"start":{"line":19,"column":4},"end":{"line":24,"column":5}},{"start":{},"end":{}}],"line":19},"3":{"loc":{"start":{"line":34,"column":4},"end":{"line":39,"column":5}},"type":"if","locations":[{"start":{"line":34,"column":4},"end":{"line":39,"column":5}},{"start":{},"end":{}}],"line":34}},"s":{"0":2,"1":18,"2":18,"3":16,"4":2,"5":1,"6":1,"7":1,"8":1,"9":1,"10":2,"11":19,"12":1,"13":1,"14":18,"15":18},"f":{"0":18,"1":18,"2":2,"3":19},"b":{"0":[16,2],"1":[1,1],"2":[1,0],"3":[1,18]},"inputSourceMap":null,"_coverageSchema":"1a1c01bbd47fc00a2c39e90264f33305004495a9","hash":"09ece69ff062c249df42ca54f74cfa5740828a52"}
,"D:\\Estudo\\nodejs\\nodejs-study\\src\\middleware\\cors.middleware.js": {"path":"D:\\Estudo\\nodejs\\nodejs-study\\src\\middleware\\cors.middleware.js","statementMap":{"0":{"start":{"line":4,"column":8},"end":{"line":9,"column":11}},"1":{"start":{"line":5,"column":12},"end":{"line":5,"column":61}},"2":{"start":{"line":6,"column":12},"end":{"line":6,"column":104}},"3":{"start":{"line":7,"column":12},"end":{"line":7,"column":88}},"4":{"start":{"line":8,"column":12},"end":{"line":8,"column":19}}},"fnMap":{"0":{"name":"(anonymous_0)","decl":{"start":{"line":3,"column":4},"end":{"line":3,"column":5}},"loc":{"start":{"line":3,"column":21},"end":{"line":10,"column":5}},"line":3},"1":{"name":"(anonymous_1)","decl":{"start":{"line":4,"column":16},"end":{"line":4,"column":17}},"loc":{"start":{"line":4,"column":36},"end":{"line":9,"column":9}},"line":4}},"branchMap":{},"s":{"0":2,"1":37,"2":37,"3":37,"4":37},"f":{"0":2,"1":37},"b":{},"inputSourceMap":null,"_coverageSchema":"1a1c01bbd47fc00a2c39e90264f33305004495a9","hash":"f96d243589785bef7ac652619f0f2dc24c4d8b81"}
,"D:\\Estudo\\nodejs\\nodejs-study\\src\\middleware\\json.middleware.js": {"path":"D:\\Estudo\\nodejs\\nodejs-study\\src\\middleware\\json.middleware.js","statementMap":{"0":{"start":{"line":5,"column":8},"end":{"line":5,"column":58}},"1":{"start":{"line":6,"column":8},"end":{"line":6,"column":35}}},"fnMap":{"0":{"name":"(anonymous_0)","decl":{"start":{"line":4,"column":4},"end":{"line":4,"column":5}},"loc":{"start":{"line":4,"column":21},"end":{"line":7,"column":5}},"line":4}},"branchMap":{},"s":{"0":2,"1":2},"f":{"0":2},"b":{},"inputSourceMap":null,"_coverageSchema":"1a1c01bbd47fc00a2c39e90264f33305004495a9","hash":"a1d41ab431130474c27600225d1778665226f221"}
,"D:\\Estudo\\nodejs\\nodejs-study\\src\\repository\\pokemon.repository.js": {"path":"D:\\Estudo\\nodejs\\nodejs-study\\src\\repository\\pokemon.repository.js","statementMap":{"0":{"start":{"line":6,"column":8},"end":{"line":6,"column":22}},"1":{"start":{"line":10,"column":8},"end":{"line":10,"column":23}},"2":{"start":{"line":14,"column":8},"end":{"line":14,"column":30}},"3":{"start":{"line":18,"column":8},"end":{"line":18,"column":31}},"4":{"start":{"line":29,"column":8},"end":{"line":31,"column":11}},"5":{"start":{"line":35,"column":8},"end":{"line":35,"column":60}},"6":{"start":{"line":39,"column":8},"end":{"line":39,"column":65}},"7":{"start":{"line":50,"column":8},"end":{"line":53,"column":10}},"8":{"start":{"line":57,"column":8},"end":{"line":57,"column":46}},"9":{"start":{"line":62,"column":4},"end":{"line":66,"column":6}},"10":{"start":{"line":70,"column":27},"end":{"line":70,"column":55}},"11":{"start":{"line":71,"column":4},"end":{"line":77,"column":5}},"12":{"start":{"line":81,"column":4},"end":{"line":81,"column":29}}},"fnMap":{"0":{"name":"(anonymous_0)","decl":{"start":{"line":5,"column":4},"end":{"line":5,"column":5}},"loc":{"start":{"line":5,"column":18},"end":{"line":7,"column":5}},"line":5},"1":{"name":"(anonymous_1)","decl":{"start":{"line":9,"column":4},"end":{"line":9,"column":5}},"loc":{"start":{"line":9,"column":23},"end":{"line":11,"column":5}},"line":9},"2":{"name":"(anonymous_2)","decl":{"start":{"line":13,"column":4},"end":{"line":13,"column":5}},"loc":{"start":{"line":13,"column":26},"end":{"line":15,"column":5}},"line":13},"3":{"name":"(anonymous_3)","decl":{"start":{"line":17,"column":4},"end":{"line":17,"column":5}},"loc":{"start":{"line":17,"column":31},"end":{"line":19,"column":5}},"line":17},"4":{"name":"(anonymous_4)","decl":{"start":{"line":21,"column":4},"end":{"line":21,"column":5}},"loc":{"start":{"line":28,"column":7},"end":{"line":32,"column":5}},"line":28},"5":{"name":"(anonymous_5)","decl":{"start":{"line":34,"column":4},"end":{"line":34,"column":5}},"loc":{"start":{"line":34,"column":14},"end":{"line":36,"column":5}},"line":34},"6":{"name":"(anonymous_6)","decl":{"start":{"line":38,"column":4},"end":{"line":38,"column":5}},"loc":{"start":{"line":38,"column":17},"end":{"line":40,"column":5}},"line":38},"7":{"name":"(anonymous_7)","decl":{"start":{"line":42,"column":4},"end":{"line":42,"column":5}},"loc":{"start":{"line":49,"column":7},"end":{"line":54,"column":5}},"line":49},"8":{"name":"(anonymous_8)","decl":{"start":{"line":56,"column":4},"end":{"line":56,"column":5}},"loc":{"start":{"line":56,"column":15},"end":{"line":58,"column":5}},"line":56},"9":{"name":"getRelationTable","decl":{"start":{"line":61,"column":9},"end":{"line":61,"column":25}},"loc":{"start":{"line":61,"column":38},"end":{"line":67,"column":1}},"line":61},"10":{"name":"getPokemonColumnsForSelect","decl":{"start":{"line":69,"column":9},"end":{"line":69,"column":35}},"loc":{"start":{"line":69,"column":38},"end":{"line":78,"column":1}},"line":69},"11":{"name":"getWhereId","decl":{"start":{"line":80,"column":9},"end":{"line":80,"column":19}},"loc":{"start":{"line":80,"column":24},"end":{"line":82,"column":1}},"line":80}},"branchMap":{"0":{"loc":{"start":{"line":26,"column":8},"end":{"line":26,"column":32}},"type":"default-arg","locations":[{"start":{"line":26,"column":22},"end":{"line":26,"column":32}}],"line":26},"1":{"loc":{"start":{"line":27,"column":8},"end":{"line":27,"column":32}},"type":"default-arg","locations":[{"start":{"line":27,"column":22},"end":{"line":27,"column":32}}],"line":27},"2":{"loc":{"start":{"line":48,"column":8},"end":{"line":48,"column":32}},"type":"default-arg","locations":[{"start":{"line":48,"column":22},"end":{"line":48,"column":32}}],"line":48}},"s":{"0":1,"1":1,"2":1,"3":1,"4":1,"5":1,"6":1,"7":1,"8":1,"9":4,"10":2,"11":2,"12":2},"f":{"0":1,"1":1,"2":1,"3":1,"4":1,"5":1,"6":1,"7":1,"8":1,"9":4,"10":2,"11":2},"b":{"0":[1],"1":[1],"2":[1]},"inputSourceMap":null,"_coverageSchema":"1a1c01bbd47fc00a2c39e90264f33305004495a9","hash":"f19854db40e01da939ce3eaa3cdb4787132e81b3"}
,"D:\\Estudo\\nodejs\\nodejs-study\\src\\repository\\user.repository.js": {"path":"D:\\Estudo\\nodejs\\nodejs-study\\src\\repository\\user.repository.js","statementMap":{"0":{"start":{"line":5,"column":8},"end":{"line":5,"column":22}},"1":{"start":{"line":9,"column":8},"end":{"line":9,"column":41}},"2":{"start":{"line":13,"column":8},"end":{"line":13,"column":28}},"3":{"start":{"line":17,"column":8},"end":{"line":17,"column":34}},"4":{"start":{"line":21,"column":8},"end":{"line":21,"column":52}},"5":{"start":{"line":25,"column":8},"end":{"line":25,"column":43}},"6":{"start":{"line":29,"column":8},"end":{"line":29,"column":35}}},"fnMap":{"0":{"name":"(anonymous_0)","decl":{"start":{"line":4,"column":4},"end":{"line":4,"column":5}},"loc":{"start":{"line":4,"column":22},"end":{"line":6,"column":5}},"line":4},"1":{"name":"(anonymous_1)","decl":{"start":{"line":8,"column":4},"end":{"line":8,"column":5}},"loc":{"start":{"line":8,"column":20},"end":{"line":10,"column":5}},"line":8},"2":{"name":"(anonymous_2)","decl":{"start":{"line":12,"column":4},"end":{"line":12,"column":5}},"loc":{"start":{"line":12,"column":14},"end":{"line":14,"column":5}},"line":12},"3":{"name":"(anonymous_3)","decl":{"start":{"line":16,"column":4},"end":{"line":16,"column":5}},"loc":{"start":{"line":16,"column":17},"end":{"line":18,"column":5}},"line":16},"4":{"name":"(anonymous_4)","decl":{"start":{"line":20,"column":4},"end":{"line":20,"column":5}},"loc":{"start":{"line":20,"column":24},"end":{"line":22,"column":5}},"line":20},"5":{"name":"(anonymous_5)","decl":{"start":{"line":24,"column":4},"end":{"line":24,"column":5}},"loc":{"start":{"line":24,"column":15},"end":{"line":26,"column":5}},"line":24},"6":{"name":"(anonymous_6)","decl":{"start":{"line":28,"column":4},"end":{"line":28,"column":5}},"loc":{"start":{"line":28,"column":32},"end":{"line":30,"column":5}},"line":28}},"branchMap":{},"s":{"0":1,"1":1,"2":1,"3":1,"4":1,"5":1,"6":1},"f":{"0":1,"1":1,"2":1,"3":1,"4":1,"5":1,"6":1},"b":{},"inputSourceMap":null,"_coverageSchema":"1a1c01bbd47fc00a2c39e90264f33305004495a9","hash":"68fac056f454730634c6921f3ae0f758662997bf"}
,"D:\\Estudo\\nodejs\\nodejs-study\\src\\routes\\pokemon.routes.js": {"path":"D:\\Estudo\\nodejs\\nodejs-study\\src\\routes\\pokemon.routes.js","statementMap":{"0":{"start":{"line":4,"column":33},"end":{"line":4,"column":56}},"1":{"start":{"line":7,"column":4},"end":{"line":7,"column":51}},"2":{"start":{"line":8,"column":4},"end":{"line":8,"column":51}},"3":{"start":{"line":9,"column":4},"end":{"line":9,"column":56}},"4":{"start":{"line":10,"column":4},"end":{"line":10,"column":54}},"5":{"start":{"line":11,"column":4},"end":{"line":11,"column":57}}},"fnMap":{"0":{"name":"pokemonRoutes","decl":{"start":{"line":6,"column":16},"end":{"line":6,"column":29}},"loc":{"start":{"line":6,"column":32},"end":{"line":12,"column":1}},"line":6}},"branchMap":{},"s":{"0":1,"1":1,"2":1,"3":1,"4":1,"5":1},"f":{"0":1},"b":{},"inputSourceMap":null,"_coverageSchema":"1a1c01bbd47fc00a2c39e90264f33305004495a9","hash":"7cbcd4447d7eef5fa2773a4e35cc2ec0a405ff02"}
,"D:\\Estudo\\nodejs\\nodejs-study\\src\\routes\\user.routes.js": {"path":"D:\\Estudo\\nodejs\\nodejs-study\\src\\routes\\user.routes.js","statementMap":{"0":{"start":{"line":4,"column":30},"end":{"line":4,"column":50}},"1":{"start":{"line":7,"column":4},"end":{"line":7,"column":45}},"2":{"start":{"line":9,"column":4},"end":{"line":9,"column":45}},"3":{"start":{"line":10,"column":4},"end":{"line":10,"column":45}},"4":{"start":{"line":11,"column":4},"end":{"line":11,"column":50}},"5":{"start":{"line":12,"column":4},"end":{"line":12,"column":48}},"6":{"start":{"line":13,"column":4},"end":{"line":13,"column":51}}},"fnMap":{"0":{"name":"userRoutes","decl":{"start":{"line":6,"column":16},"end":{"line":6,"column":26}},"loc":{"start":{"line":6,"column":29},"end":{"line":14,"column":1}},"line":6}},"branchMap":{},"s":{"0":1,"1":1,"2":1,"3":1,"4":1,"5":1,"6":1},"f":{"0":1},"b":{},"inputSourceMap":null,"_coverageSchema":"1a1c01bbd47fc00a2c39e90264f33305004495a9","hash":"4cafa8bffa864dd15e43bcf77721276dd5966a1a"}
,"D:\\Estudo\\nodejs\\nodejs-study\\src\\service\\pokemon.service.js": {"path":"D:\\Estudo\\nodejs\\nodejs-study\\src\\service\\pokemon.service.js","statementMap":{"0":{"start":{"line":11,"column":4},"end":{"line":11,"column":22}},"1":{"start":{"line":15,"column":4},"end":{"line":15,"column":23}},"2":{"start":{"line":19,"column":20},"end":{"line":19,"column":39}},"3":{"start":{"line":20,"column":4},"end":{"line":25,"column":5}},"4":{"start":{"line":21,"column":6},"end":{"line":21,"column":30}},"5":{"start":{"line":22,"column":6},"end":{"line":22,"column":46}},"6":{"start":{"line":24,"column":6},"end":{"line":24,"column":32}},"7":{"start":{"line":29,"column":4},"end":{"line":33,"column":5}},"8":{"start":{"line":30,"column":6},"end":{"line":30,"column":40}},"9":{"start":{"line":32,"column":6},"end":{"line":32,"column":32}},"10":{"start":{"line":37,"column":4},"end":{"line":41,"column":5}},"11":{"start":{"line":38,"column":6},"end":{"line":38,"column":43}},"12":{"start":{"line":40,"column":6},"end":{"line":40,"column":32}},"13":{"start":{"line":45,"column":20},"end":{"line":45,"column":39}},"14":{"start":{"line":46,"column":4},"end":{"line":51,"column":5}},"15":{"start":{"line":47,"column":6},"end":{"line":47,"column":22}},"16":{"start":{"line":48,"column":6},"end":{"line":48,"column":46}},"17":{"start":{"line":50,"column":6},"end":{"line":50,"column":32}},"18":{"start":{"line":55,"column":4},"end":{"line":59,"column":5}},"19":{"start":{"line":56,"column":6},"end":{"line":56,"column":41}},"20":{"start":{"line":58,"column":6},"end":{"line":58,"column":32}},"21":{"start":{"line":64,"column":2},"end":{"line":67,"column":3}},"22":{"start":{"line":65,"column":16},"end":{"line":65,"column":54}},"23":{"start":{"line":66,"column":4},"end":{"line":66,"column":61}},"24":{"start":{"line":68,"column":2},"end":{"line":68,"column":15}},"25":{"start":{"line":72,"column":2},"end":{"line":77,"column":3}},"26":{"start":{"line":73,"column":16},"end":{"line":73,"column":51}},"27":{"start":{"line":74,"column":4},"end":{"line":76,"column":6}},"28":{"start":{"line":78,"column":2},"end":{"line":78,"column":15}},"29":{"start":{"line":82,"column":2},"end":{"line":87,"column":3}},"30":{"start":{"line":83,"column":16},"end":{"line":83,"column":93}},"31":{"start":{"line":84,"column":4},"end":{"line":86,"column":6}},"32":{"start":{"line":88,"column":2},"end":{"line":88,"column":15}},"33":{"start":{"line":92,"column":27},"end":{"line":92,"column":29}},"34":{"start":{"line":93,"column":2},"end":{"line":108,"column":3}},"35":{"start":{"line":94,"column":4},"end":{"line":103,"column":5}},"36":{"start":{"line":95,"column":6},"end":{"line":99,"column":9}},"37":{"start":{"line":96,"column":8},"end":{"line":96,"column":37}},"38":{"start":{"line":97,"column":8},"end":{"line":97,"column":36}},"39":{"start":{"line":98,"column":8},"end":{"line":98,"column":33}},"40":{"start":{"line":101,"column":6},"end":{"line":101,"column":56}},"41":{"start":{"line":102,"column":6},"end":{"line":102,"column":35}},"42":{"start":{"line":105,"column":4},"end":{"line":107,"column":6}},"43":{"start":{"line":109,"column":2},"end":{"line":109,"column":26}}},"fnMap":{"0":{"name":"(anonymous_0)","decl":{"start":{"line":10,"column":2},"end":{"line":10,"column":3}},"loc":{"start":{"line":10,"column":20},"end":{"line":12,"column":3}},"line":10},"1":{"name":"(anonymous_1)","decl":{"start":{"line":14,"column":2},"end":{"line":14,"column":3}},"loc":{"start":{"line":14,"column":25},"end":{"line":16,"column":3}},"line":14},"2":{"name":"(anonymous_2)","decl":{"start":{"line":18,"column":2},"end":{"line":18,"column":3}},"loc":{"start":{"line":18,"column":20},"end":{"line":26,"column":3}},"line":18},"3":{"name":"(anonymous_3)","decl":{"start":{"line":28,"column":2},"end":{"line":28,"column":3}},"loc":{"start":{"line":28,"column":18},"end":{"line":34,"column":3}},"line":28},"4":{"name":"(anonymous_4)","decl":{"start":{"line":36,"column":2},"end":{"line":36,"column":3}},"loc":{"start":{"line":36,"column":21},"end":{"line":42,"column":3}},"line":36},"5":{"name":"(anonymous_5)","decl":{"start":{"line":44,"column":2},"end":{"line":44,"column":3}},"loc":{"start":{"line":44,"column":24},"end":{"line":52,"column":3}},"line":44},"6":{"name":"(anonymous_6)","decl":{"start":{"line":54,"column":2},"end":{"line":54,"column":3}},"loc":{"start":{"line":54,"column":19},"end":{"line":60,"column":3}},"line":54},"7":{"name":"foreignKeyConstraintMessageHandler","decl":{"start":{"line":63,"column":9},"end":{"line":63,"column":43}},"loc":{"start":{"line":63,"column":51},"end":{"line":69,"column":1}},"line":63},"8":{"name":"notNullMessageHandler","decl":{"start":{"line":71,"column":9},"end":{"line":71,"column":30}},"loc":{"start":{"line":71,"column":38},"end":{"line":79,"column":1}},"line":71},"9":{"name":"uniqueMessageHandler","decl":{"start":{"line":81,"column":9},"end":{"line":81,"column":29}},"loc":{"start":{"line":81,"column":37},"end":{"line":89,"column":1}},"line":81},"10":{"name":"errorHandler","decl":{"start":{"line":91,"column":9},"end":{"line":91,"column":21}},"loc":{"start":{"line":91,"column":29},"end":{"line":110,"column":1}},"line":91},"11":{"name":"(anonymous_11)","decl":{"start":{"line":95,"column":27},"end":{"line":95,"column":28}},"loc":{"start":{"line":95,"column":34},"end":{"line":99,"column":7}},"line":95}},"branchMap":{"0":{"loc":{"start":{"line":64,"column":2},"end":{"line":67,"column":3}},"type":"if","locations":[{"start":{"line":64,"column":2},"end":{"line":67,"column":3}},{"start":{},"end":{}}],"line":64},"1":{"loc":{"start":{"line":72,"column":2},"end":{"line":77,"column":3}},"type":"if","locations":[{"start":{"line":72,"column":2},"end":{"line":77,"column":3}},{"start":{},"end":{}}],"line":72},"2":{"loc":{"start":{"line":82,"column":2},"end":{"line":87,"column":3}},"type":"if","locations":[{"start":{"line":82,"column":2},"end":{"line":87,"column":3}},{"start":{},"end":{}}],"line":82},"3":{"loc":{"start":{"line":93,"column":2},"end":{"line":108,"column":3}},"type":"if","locations":[{"start":{"line":93,"column":2},"end":{"line":108,"column":3}},{"start":{"line":104,"column":9},"end":{"line":108,"column":3}}],"line":93},"4":{"loc":{"start":{"line":94,"column":4},"end":{"line":103,"column":5}},"type":"if","locations":[{"start":{"line":94,"column":4},"end":{"line":103,"column":5}},{"start":{"line":100,"column":11},"end":{"line":103,"column":5}}],"line":94}},"s":{"0":5,"1":1,"2":4,"3":4,"4":4,"5":4,"6":3,"7":2,"8":2,"9":1,"10":2,"11":2,"12":1,"13":2,"14":2,"15":2,"16":2,"17":1,"18":2,"19":2,"20":1,"21":2,"22":1,"23":1,"24":1,"25":2,"26":1,"27":1,"28":1,"29":2,"30":1,"31":1,"32":1,"33":7,"34":7,"35":4,"36":2,"37":2,"38":2,"39":2,"40":2,"41":2,"42":3,"43":7},"f":{"0":5,"1":1,"2":4,"3":2,"4":2,"5":2,"6":2,"7":2,"8":2,"9":2,"10":7,"11":2},"b":{"0":[1,1],"1":[1,1],"2":[1,1],"3":[4,3],"4":[2,2]},"inputSourceMap":null,"_coverageSchema":"1a1c01bbd47fc00a2c39e90264f33305004495a9","hash":"61c62e44b932e28f06427bcaf36aed270aaa0bf8"}
,"D:\\Estudo\\nodejs\\nodejs-study\\src\\service\\user.service.js": {"path":"D:\\Estudo\\nodejs\\nodejs-study\\src\\service\\user.service.js","statementMap":{"0":{"start":{"line":10,"column":4},"end":{"line":10,"column":22}},"1":{"start":{"line":14,"column":4},"end":{"line":14,"column":23}},"2":{"start":{"line":18,"column":17},"end":{"line":18,"column":33}},"3":{"start":{"line":19,"column":4},"end":{"line":26,"column":5}},"4":{"start":{"line":20,"column":6},"end":{"line":22,"column":7}},"5":{"start":{"line":21,"column":8},"end":{"line":21,"column":58}},"6":{"start":{"line":23,"column":6},"end":{"line":23,"column":43}},"7":{"start":{"line":25,"column":6},"end":{"line":25,"column":32}},"8":{"start":{"line":30,"column":4},"end":{"line":35,"column":5}},"9":{"start":{"line":31,"column":20},"end":{"line":31,"column":46}},"10":{"start":{"line":32,"column":6},"end":{"line":32,"column":45}},"11":{"start":{"line":34,"column":6},"end":{"line":34,"column":32}},"12":{"start":{"line":39,"column":4},"end":{"line":43,"column":5}},"13":{"start":{"line":40,"column":6},"end":{"line":40,"column":43}},"14":{"start":{"line":42,"column":6},"end":{"line":42,"column":32}},"15":{"start":{"line":47,"column":17},"end":{"line":47,"column":33}},"16":{"start":{"line":48,"column":4},"end":{"line":53,"column":5}},"17":{"start":{"line":49,"column":6},"end":{"line":49,"column":56}},"18":{"start":{"line":50,"column":6},"end":{"line":50,"column":47}},"19":{"start":{"line":52,"column":6},"end":{"line":52,"column":32}},"20":{"start":{"line":57,"column":4},"end":{"line":61,"column":5}},"21":{"start":{"line":58,"column":6},"end":{"line":58,"column":41}},"22":{"start":{"line":60,"column":6},"end":{"line":60,"column":32}},"23":{"start":{"line":65,"column":4},"end":{"line":77,"column":5}},"24":{"start":{"line":66,"column":6},"end":{"line":71,"column":7}},"25":{"start":{"line":67,"column":21},"end":{"line":67,"column":67}},"26":{"start":{"line":68,"column":8},"end":{"line":70,"column":9}},"27":{"start":{"line":69,"column":10},"end":{"line":69,"column":22}},"28":{"start":{"line":72,"column":6},"end":{"line":74,"column":8}},"29":{"start":{"line":76,"column":6},"end":{"line":76,"column":32}},"30":{"start":{"line":82,"column":2},"end":{"line":82,"column":39}},"31":{"start":{"line":86,"column":2},"end":{"line":90,"column":3}},"32":{"start":{"line":87,"column":4},"end":{"line":89,"column":6}},"33":{"start":{"line":91,"column":2},"end":{"line":91,"column":15}},"34":{"start":{"line":95,"column":2},"end":{"line":99,"column":3}},"35":{"start":{"line":96,"column":4},"end":{"line":98,"column":6}},"36":{"start":{"line":97,"column":77},"end":{"line":97,"column":88}},"37":{"start":{"line":100,"column":2},"end":{"line":100,"column":15}},"38":{"start":{"line":104,"column":2},"end":{"line":108,"column":3}},"39":{"start":{"line":105,"column":4},"end":{"line":107,"column":6}},"40":{"start":{"line":109,"column":2},"end":{"line":109,"column":15}},"41":{"start":{"line":113,"column":2},"end":{"line":118,"column":3}},"42":{"start":{"line":114,"column":4},"end":{"line":117,"column":5}},"43":{"start":{"line":116,"column":6},"end":{"line":116,"column":19}},"44":{"start":{"line":119,"column":2},"end":{"line":121,"column":4}},"45":{"start":{"line":125,"column":27},"end":{"line":125,"column":29}},"46":{"start":{"line":126,"column":2},"end":{"line":130,"column":3}},"47":{"start":{"line":127,"column":4},"end":{"line":127,"column":42}},"48":{"start":{"line":128,"column":4},"end":{"line":128,"column":41}},"49":{"start":{"line":129,"column":4},"end":{"line":129,"column":40}},"50":{"start":{"line":131,"column":2},"end":{"line":131,"column":46}},"51":{"start":{"line":132,"column":2},"end":{"line":132,"column":31}},"52":{"start":{"line":133,"column":2},"end":{"line":133,"column":26}}},"fnMap":{"0":{"name":"(anonymous_0)","decl":{"start":{"line":9,"column":2},"end":{"line":9,"column":3}},"loc":{"start":{"line":9,"column":20},"end":{"line":11,"column":3}},"line":9},"1":{"name":"(anonymous_1)","decl":{"start":{"line":13,"column":2},"end":{"line":13,"column":3}},"loc":{"start":{"line":13,"column":25},"end":{"line":15,"column":3}},"line":13},"2":{"name":"(anonymous_2)","decl":{"start":{"line":17,"column":2},"end":{"line":17,"column":3}},"loc":{"start":{"line":17,"column":20},"end":{"line":27,"column":3}},"line":17},"3":{"name":"(anonymous_3)","decl":{"start":{"line":29,"column":2},"end":{"line":29,"column":3}},"loc":{"start":{"line":29,"column":18},"end":{"line":36,"column":3}},"line":29},"4":{"name":"(anonymous_4)","decl":{"start":{"line":38,"column":2},"end":{"line":38,"column":3}},"loc":{"start":{"line":38,"column":21},"end":{"line":44,"column":3}},"line":38},"5":{"name":"(anonymous_5)","decl":{"start":{"line":46,"column":2},"end":{"line":46,"column":3}},"loc":{"start":{"line":46,"column":24},"end":{"line":54,"column":3}},"line":46},"6":{"name":"(anonymous_6)","decl":{"start":{"line":56,"column":2},"end":{"line":56,"column":3}},"loc":{"start":{"line":56,"column":19},"end":{"line":62,"column":3}},"line":56},"7":{"name":"(anonymous_7)","decl":{"start":{"line":64,"column":2},"end":{"line":64,"column":3}},"loc":{"start":{"line":64,"column":46},"end":{"line":78,"column":3}},"line":64},"8":{"name":"getEncodedPassword","decl":{"start":{"line":81,"column":9},"end":{"line":81,"column":27}},"loc":{"start":{"line":81,"column":38},"end":{"line":83,"column":1}},"line":81},"9":{"name":"invalidIdMessageHandler","decl":{"start":{"line":85,"column":9},"end":{"line":85,"column":32}},"loc":{"start":{"line":85,"column":40},"end":{"line":92,"column":1}},"line":85},"10":{"name":"notNullMessageHandler","decl":{"start":{"line":94,"column":9},"end":{"line":94,"column":30}},"loc":{"start":{"line":94,"column":38},"end":{"line":101,"column":1}},"line":94},"11":{"name":"(anonymous_11)","decl":{"start":{"line":97,"column":70},"end":{"line":97,"column":71}},"loc":{"start":{"line":97,"column":77},"end":{"line":97,"column":88}},"line":97},"12":{"name":"uniqueMessageHandler","decl":{"start":{"line":103,"column":9},"end":{"line":103,"column":29}},"loc":{"start":{"line":103,"column":37},"end":{"line":110,"column":1}},"line":103},"13":{"name":"internalServerMessageHandler","decl":{"start":{"line":112,"column":9},"end":{"line":112,"column":37}},"loc":{"start":{"line":112,"column":45},"end":{"line":122,"column":1}},"line":112},"14":{"name":"errorHandler","decl":{"start":{"line":124,"column":9},"end":{"line":124,"column":21}},"loc":{"start":{"line":124,"column":29},"end":{"line":134,"column":1}},"line":124}},"branchMap":{"0":{"loc":{"start":{"line":20,"column":6},"end":{"line":22,"column":7}},"type":"if","locations":[{"start":{"line":20,"column":6},"end":{"line":22,"column":7}},{"start":{},"end":{}}],"line":20},"1":{"loc":{"start":{"line":32,"column":13},"end":{"line":32,"column":44}},"type":"cond-expr","locations":[{"start":{"line":32,"column":32},"end":{"line":32,"column":36}},{"start":{"line":32,"column":39},"end":{"line":32,"column":44}}],"line":32},"2":{"loc":{"start":{"line":66,"column":6},"end":{"line":71,"column":7}},"type":"if","locations":[{"start":{"line":66,"column":6},"end":{"line":71,"column":7}},{"start":{},"end":{}}],"line":66},"3":{"loc":{"start":{"line":66,"column":10},"end":{"line":66,"column":26}},"type":"binary-expr","locations":[{"start":{"line":66,"column":10},"end":{"line":66,"column":14}},{"start":{"line":66,"column":18},"end":{"line":66,"column":26}}],"line":66},"4":{"loc":{"start":{"line":68,"column":8},"end":{"line":70,"column":9}},"type":"if","locations":[{"start":{"line":68,"column":8},"end":{"line":70,"column":9}},{"start":{},"end":{}}],"line":68},"5":{"loc":{"start":{"line":68,"column":12},"end":{"line":68,"column":71}},"type":"binary-expr","locations":[{"start":{"line":68,"column":12},"end":{"line":68,"column":24}},{"start":{"line":68,"column":28},"end":{"line":68,"column":71}}],"line":68},"6":{"loc":{"start":{"line":86,"column":2},"end":{"line":90,"column":3}},"type":"if","locations":[{"start":{"line":86,"column":2},"end":{"line":90,"column":3}},{"start":{},"end":{}}],"line":86},"7":{"loc":{"start":{"line":95,"column":2},"end":{"line":99,"column":3}},"type":"if","locations":[{"start":{"line":95,"column":2},"end":{"line":99,"column":3}},{"start":{},"end":{}}],"line":95},"8":{"loc":{"start":{"line":95,"column":6},"end":{"line":95,"column":27}},"type":"binary-expr","locations":[{"start":{"line":95,"column":6},"end":{"line":95,"column":11}},{"start":{"line":95,"column":15},"end":{"line":95,"column":27}}],"line":95},"9":{"loc":{"start":{"line":104,"column":2},"end":{"line":108,"column":3}},"type":"if","locations":[{"start":{"line":104,"column":2},"end":{"line":108,"column":3}},{"start":{},"end":{}}],"line":104},"10":{"loc":{"start":{"line":104,"column":6},"end":{"line":104,"column":62}},"type":"binary-expr","locations":[{"start":{"line":104,"column":6},"end":{"line":104,"column":19}},{"start":{"line":104,"column":23},"end":{"line":104,"column":62}}],"line":104},"11":{"loc":{"start":{"line":113,"column":2},"end":{"line":118,"column":3}},"type":"if","locations":[{"start":{"line":113,"column":2},"end":{"line":118,"column":3}},{"start":{},"end":{}}],"line":113},"12":{"loc":{"start":{"line":114,"column":4},"end":{"line":117,"column":5}},"type":"if","locations":[{"start":{"line":114,"column":4},"end":{"line":117,"column":5}},{"start":{},"end":{}}],"line":114},"13":{"loc":{"start":{"line":114,"column":8},"end":{"line":115,"column":51}},"type":"binary-expr","locations":[{"start":{"line":114,"column":8},"end":{"line":114,"column":52}},{"start":{"line":115,"column":9},"end":{"line":115,"column":51}}],"line":114},"14":{"loc":{"start":{"line":126,"column":2},"end":{"line":130,"column":3}},"type":"if","locations":[{"start":{"line":126,"column":2},"end":{"line":130,"column":3}},{"start":{},"end":{}}],"line":126}},"s":{"0":6,"1":1,"2":3,"3":3,"4":3,"5":1,"6":3,"7":2,"8":3,"9":3,"10":2,"11":1,"12":3,"13":3,"14":2,"15":2,"16":2,"17":2,"18":1,"19":1,"20":2,"21":2,"22":1,"23":2,"24":2,"25":1,"26":1,"27":1,"28":1,"29":1,"30":3,"31":6,"32":1,"33":5,"34":6,"35":1,"36":1,"37":5,"38":6,"39":1,"40":5,"41":8,"42":6,"43":4,"44":4,"45":8,"46":8,"47":6,"48":6,"49":6,"50":8,"51":8,"52":8},"f":{"0":6,"1":1,"2":3,"3":3,"4":3,"5":2,"6":2,"7":2,"8":3,"9":6,"10":6,"11":1,"12":6,"13":8,"14":8},"b":{"0":[1,2],"1":[1,1],"2":[1,1],"3":[2,1],"4":[1,0],"5":[1,1],"6":[1,5],"7":[1,5],"8":[6,6],"9":[1,5],"10":[6,5],"11":[6,2],"12":[4,2],"13":[6,3],"14":[6,2]},"inputSourceMap":null,"_coverageSchema":"1a1c01bbd47fc00a2c39e90264f33305004495a9","hash":"dc49720babb14d7c53ce37fc80da2be898288d23"}
,"D:\\Estudo\\nodejs\\nodejs-study\\src\\validation\\exception-handler.js": {"path":"D:\\Estudo\\nodejs\\nodejs-study\\src\\validation\\exception-handler.js","statementMap":{"0":{"start":{"line":7,"column":15},"end":{"line":7,"column":35}},"1":{"start":{"line":8,"column":2},"end":{"line":14,"column":4}},"2":{"start":{"line":18,"column":2},"end":{"line":18,"column":14}},"3":{"start":{"line":19,"column":21},"end":{"line":19,"column":23}},"4":{"start":{"line":20,"column":2},"end":{"line":22,"column":5}},"5":{"start":{"line":21,"column":4},"end":{"line":21,"column":30}},"6":{"start":{"line":23,"column":2},"end":{"line":24,"column":46}},"7":{"start":{"line":28,"column":21},"end":{"line":28,"column":30}},"8":{"start":{"line":29,"column":2},"end":{"line":31,"column":3}},"9":{"start":{"line":30,"column":4},"end":{"line":30,"column":35}},"10":{"start":{"line":32,"column":2},"end":{"line":34,"column":3}},"11":{"start":{"line":33,"column":4},"end":{"line":33,"column":32}},"12":{"start":{"line":35,"column":2},"end":{"line":35,"column":43}}},"fnMap":{"0":{"name":"responseMessageHandler","decl":{"start":{"line":6,"column":16},"end":{"line":6,"column":38}},"loc":{"start":{"line":6,"column":66},"end":{"line":15,"column":1}},"line":6},"1":{"name":"exceptionHandler","decl":{"start":{"line":17,"column":16},"end":{"line":17,"column":32}},"loc":{"start":{"line":17,"column":46},"end":{"line":25,"column":1}},"line":17},"2":{"name":"(anonymous_2)","decl":{"start":{"line":20,"column":17},"end":{"line":20,"column":18}},"loc":{"start":{"line":20,"column":22},"end":{"line":22,"column":3}},"line":20},"3":{"name":"getStatusCode","decl":{"start":{"line":27,"column":9},"end":{"line":27,"column":22}},"loc":{"start":{"line":27,"column":31},"end":{"line":36,"column":1}},"line":27}},"branchMap":{"0":{"loc":{"start":{"line":9,"column":12},"end":{"line":9,"column":56}},"type":"cond-expr","locations":[{"start":{"line":9,"column":18},"end":{"line":9,"column":32}},{"start":{"line":9,"column":35},"end":{"line":9,"column":56}}],"line":9},"1":{"loc":{"start":{"line":11,"column":6},"end":{"line":11,"column":51}},"type":"cond-expr","locations":[{"start":{"line":11,"column":12},"end":{"line":11,"column":23}},{"start":{"line":11,"column":26},"end":{"line":11,"column":51}}],"line":11},"2":{"loc":{"start":{"line":29,"column":2},"end":{"line":31,"column":3}},"type":"if","locations":[{"start":{"line":29,"column":2},"end":{"line":31,"column":3}},{"start":{},"end":{}}],"line":29},"3":{"loc":{"start":{"line":32,"column":2},"end":{"line":34,"column":3}},"type":"if","locations":[{"start":{"line":32,"column":2},"end":{"line":34,"column":3}},{"start":{},"end":{}}],"line":32}},"s":{"0":16,"1":16,"2":15,"3":15,"4":15,"5":15,"6":15,"7":15,"8":15,"9":2,"10":13,"11":2,"12":11},"f":{"0":16,"1":15,"2":15,"3":15},"b":{"0":[8,8],"1":[8,8],"2":[2,13],"3":[2,11]},"inputSourceMap":null,"_coverageSchema":"1a1c01bbd47fc00a2c39e90264f33305004495a9","hash":"fb3f043e1b462dd0efe4612cdd72486022d7ab45"}
}
