TN:
SF:src\common\common.utils.js
FN:3,(anonymous_0)
FNF:1
FNH:1
FNDA:2,(anonymous_0)
DA:4,2
LF:1
LH:1
BRF:0
BRH:0
end_of_record
TN:
SF:src\config\rabbitmq.config.js
FNF:0
FNH:0
DA:4,2
DA:6,2
DA:8,2
DA:14,2
DA:17,2
LF:5
LH:5
BRDA:9,0,0,2
BRDA:9,0,1,2
BRDA:10,1,0,2
BRDA:10,1,1,2
BRDA:11,2,0,2
BRDA:11,2,1,2
BRF:6
BRH:6
end_of_record
TN:
SF:src\config\server.config.js
FNF:0
FNH:0
DA:8,2
DA:10,2
DA:12,2
DA:13,2
DA:14,2
DA:15,2
DA:19,2
DA:20,0
LF:8
LH:7
BRDA:19,0,0,0
BRDA:19,0,1,2
BRF:2
BRH:1
end_of_record
TN:
SF:src\constants\errors.constants.js
FNF:0
FNH:0
DA:2,4
DA:3,4
DA:4,4
LF:3
LH:3
BRF:0
BRH:0
end_of_record
TN:
SF:src\controller\common.controller.js
FN:8,create
FN:19,findAll
FN:29,findById
FN:40,update
FN:55,deleteById
FNF:5
FNH:5
FNDA:8,create
FNDA:6,findAll
FNDA:6,findById
FNDA:6,update
FNDA:6,deleteById
DA:9,8
DA:10,8
DA:11,8
DA:15,6
DA:20,6
DA:21,6
DA:22,4
DA:23,4
DA:25,2
DA:30,6
DA:31,6
DA:32,6
DA:33,4
DA:34,4
DA:36,2
DA:41,6
DA:42,6
DA:43,6
DA:44,6
DA:45,4
DA:49,4
DA:51,2
DA:56,6
DA:57,6
DA:58,6
DA:59,4
DA:63,4
DA:65,2
LF:28
LH:28
BRF:0
BRH:0
end_of_record
TN:
SF:src\controller\pokemon.controller.js
FN:12,(anonymous_0)
FN:16,(anonymous_1)
FN:20,(anonymous_2)
FN:23,(anonymous_3)
FN:26,(anonymous_4)
FN:29,(anonymous_5)
FN:32,(anonymous_6)
FNF:7
FNH:7
FNDA:5,(anonymous_0)
FNDA:1,(anonymous_1)
FNDA:4,(anonymous_2)
FNDA:3,(anonymous_3)
FNDA:3,(anonymous_4)
FNDA:3,(anonymous_5)
FNDA:3,(anonymous_6)
DA:13,5
DA:17,1
DA:21,4
DA:24,3
DA:27,3
DA:30,3
DA:33,3
LF:7
LH:7
BRF:0
BRH:0
end_of_record
TN:
SF:src\controller\user.controller.js
FN:11,(anonymous_0)
FN:15,(anonymous_1)
FN:19,(anonymous_2)
FN:22,(anonymous_3)
FN:25,(anonymous_4)
FN:28,(anonymous_5)
FN:31,(anonymous_6)
FN:35,(anonymous_7)
FN:54,getToken
FNF:9
FNH:9
FNDA:6,(anonymous_0)
FNDA:1,(anonymous_1)
FNDA:4,(anonymous_2)
FNDA:3,(anonymous_3)
FNDA:3,(anonymous_4)
FNDA:3,(anonymous_5)
FNDA:3,(anonymous_6)
FNDA:2,(anonymous_7)
FNDA:1,getToken
DA:12,6
DA:16,1
DA:20,4
DA:23,3
DA:26,3
DA:29,3
DA:32,3
DA:36,2
DA:37,2
DA:38,2
DA:39,1
DA:49,1
DA:55,1
LF:13
LH:13
BRF:0
BRH:0
end_of_record
TN:
SF:src\dto\error.dto.js
FN:6,(anonymous_0)
FNF:1
FNH:1
FNDA:31,(anonymous_0)
DA:3,31
DA:4,31
DA:7,31
DA:8,31
LF:4
LH:4
BRF:0
BRH:0
end_of_record
TN:
SF:src\dto\pokemon.dto.js
FN:8,(anonymous_0)
FNF:1
FNH:1
FNDA:8,(anonymous_0)
DA:2,8
DA:3,8
DA:4,8
DA:5,8
DA:6,8
DA:9,8
DA:10,8
DA:11,8
DA:12,8
DA:13,8
LF:10
LH:10
BRF:0
BRH:0
end_of_record
TN:
SF:src\dto\response.dto.js
FN:6,(anonymous_0)
FNF:1
FNH:1
FNDA:37,(anonymous_0)
DA:3,37
DA:4,37
DA:7,37
DA:8,37
LF:4
LH:4
BRF:0
BRH:0
end_of_record
TN:
SF:src\dto\user.dto.js
FN:5,(anonymous_0)
FNF:1
FNH:1
FNDA:7,(anonymous_0)
DA:2,7
DA:3,7
DA:6,7
DA:7,7
LF:4
LH:4
BRF:0
BRH:0
end_of_record
TN:
SF:src\factory\pokemon-routes.factory.js
FN:7,pokemonRoutesInitialize
FNF:1
FNH:0
FNDA:0,pokemonRoutesInitialize
DA:8,0
DA:9,0
DA:10,0
DA:11,0
DA:13,0
LF:5
LH:0
BRF:0
BRH:0
end_of_record
TN:
SF:src\factory\user-routes.factory.js
FN:6,userRoutesInitialize
FNF:1
FNH:0
FNDA:0,userRoutesInitialize
DA:7,0
DA:8,0
DA:9,0
DA:11,0
LF:4
LH:0
BRF:0
BRH:0
end_of_record
TN:
SF:src\middleware\auth.middleware.js
FN:8,verifyToken
FN:9,(anonymous_1)
FN:29,(anonymous_2)
FN:33,(anonymous_3)
FNF:4
FNH:4
FNDA:18,verifyToken
FNDA:18,(anonymous_1)
FNDA:2,(anonymous_2)
FNDA:19,(anonymous_3)
DA:6,2
DA:9,18
DA:10,18
DA:11,16
DA:13,2
DA:14,1
DA:17,1
DA:19,1
DA:20,1
DA:23,1
DA:30,2
DA:34,19
DA:35,1
DA:38,1
DA:41,18
DA:42,18
LF:16
LH:16
BRDA:10,0,0,16
BRDA:10,0,1,2
BRDA:13,1,0,1
BRDA:13,1,1,1
BRDA:19,2,0,1
BRDA:19,2,1,0
BRDA:34,3,0,1
BRDA:34,3,1,18
BRF:8
BRH:7
end_of_record
TN:
SF:src\middleware\cors.middleware.js
FN:3,(anonymous_0)
FN:4,(anonymous_1)
FNF:2
FNH:2
FNDA:2,(anonymous_0)
FNDA:37,(anonymous_1)
DA:4,2
DA:5,37
DA:6,37
DA:7,37
DA:8,37
LF:5
LH:5
BRF:0
BRH:0
end_of_record
TN:
SF:src\middleware\json.middleware.js
FN:4,(anonymous_0)
FNF:1
FNH:1
FNDA:2,(anonymous_0)
DA:5,2
DA:6,2
LF:2
LH:2
BRF:0
BRH:0
end_of_record
TN:
SF:src\repository\pokemon.repository.js
FN:5,(anonymous_0)
FN:9,(anonymous_1)
FN:13,(anonymous_2)
FN:17,(anonymous_3)
FN:21,(anonymous_4)
FN:34,(anonymous_5)
FN:38,(anonymous_6)
FN:42,(anonymous_7)
FN:56,(anonymous_8)
FN:61,getRelationTable
FN:69,getPokemonColumnsForSelect
FN:80,getWhereId
FNF:12
FNH:12
FNDA:1,(anonymous_0)
FNDA:1,(anonymous_1)
FNDA:1,(anonymous_2)
FNDA:1,(anonymous_3)
FNDA:1,(anonymous_4)
FNDA:1,(anonymous_5)
FNDA:1,(anonymous_6)
FNDA:1,(anonymous_7)
FNDA:1,(anonymous_8)
FNDA:4,getRelationTable
FNDA:2,getPokemonColumnsForSelect
FNDA:2,getWhereId
DA:6,1
DA:10,1
DA:14,1
DA:18,1
DA:29,1
DA:35,1
DA:39,1
DA:50,1
DA:57,1
DA:62,4
DA:70,2
DA:71,2
DA:81,2
LF:13
LH:13
BRDA:26,0,0,1
BRDA:27,1,0,1
BRDA:48,2,0,1
BRF:3
BRH:3
end_of_record
TN:
SF:src\repository\user.repository.js
FN:4,(anonymous_0)
FN:8,(anonymous_1)
FN:12,(anonymous_2)
FN:16,(anonymous_3)
FN:20,(anonymous_4)
FN:24,(anonymous_5)
FN:28,(anonymous_6)
FNF:7
FNH:7
FNDA:1,(anonymous_0)
FNDA:1,(anonymous_1)
FNDA:1,(anonymous_2)
FNDA:1,(anonymous_3)
FNDA:1,(anonymous_4)
FNDA:1,(anonymous_5)
FNDA:1,(anonymous_6)
DA:5,1
DA:9,1
DA:13,1
DA:17,1
DA:21,1
DA:25,1
DA:29,1
LF:7
LH:7
BRF:0
BRH:0
end_of_record
TN:
SF:src\routes\pokemon.routes.js
FN:6,pokemonRoutes
FNF:1
FNH:1
FNDA:1,pokemonRoutes
DA:4,1
DA:7,1
DA:8,1
DA:9,1
DA:10,1
DA:11,1
LF:6
LH:6
BRF:0
BRH:0
end_of_record
TN:
SF:src\routes\user.routes.js
FN:6,userRoutes
FNF:1
FNH:1
FNDA:1,userRoutes
DA:4,1
DA:7,1
DA:9,1
DA:10,1
DA:11,1
DA:12,1
DA:13,1
LF:7
LH:7
BRF:0
BRH:0
end_of_record
TN:
SF:src\service\pokemon.service.js
FN:10,(anonymous_0)
FN:14,(anonymous_1)
FN:18,(anonymous_2)
FN:28,(anonymous_3)
FN:36,(anonymous_4)
FN:44,(anonymous_5)
FN:54,(anonymous_6)
FN:63,foreignKeyConstraintMessageHandler
FN:71,notNullMessageHandler
FN:81,uniqueMessageHandler
FN:91,errorHandler
FN:95,(anonymous_11)
FNF:12
FNH:12
FNDA:5,(anonymous_0)
FNDA:1,(anonymous_1)
FNDA:4,(anonymous_2)
FNDA:2,(anonymous_3)
FNDA:2,(anonymous_4)
FNDA:2,(anonymous_5)
FNDA:2,(anonymous_6)
FNDA:2,foreignKeyConstraintMessageHandler
FNDA:2,notNullMessageHandler
FNDA:2,uniqueMessageHandler
FNDA:7,errorHandler
FNDA:2,(anonymous_11)
DA:11,5
DA:15,1
DA:19,4
DA:20,4
DA:21,4
DA:22,4
DA:24,3
DA:29,2
DA:30,2
DA:32,1
DA:37,2
DA:38,2
DA:40,1
DA:45,2
DA:46,2
DA:47,2
DA:48,2
DA:50,1
DA:55,2
DA:56,2
DA:58,1
DA:64,2
DA:65,1
DA:66,1
DA:68,1
DA:72,2
DA:73,1
DA:74,1
DA:78,1
DA:82,2
DA:83,1
DA:84,1
DA:88,1
DA:92,7
DA:93,7
DA:94,4
DA:95,2
DA:96,2
DA:97,2
DA:98,2
DA:101,2
DA:102,2
DA:105,3
DA:109,7
LF:44
LH:44
BRDA:64,0,0,1
BRDA:64,0,1,1
BRDA:72,1,0,1
BRDA:72,1,1,1
BRDA:82,2,0,1
BRDA:82,2,1,1
BRDA:93,3,0,4
BRDA:93,3,1,3
BRDA:94,4,0,2
BRDA:94,4,1,2
BRF:10
BRH:10
end_of_record
TN:
SF:src\service\user.service.js
FN:9,(anonymous_0)
FN:13,(anonymous_1)
FN:17,(anonymous_2)
FN:29,(anonymous_3)
FN:38,(anonymous_4)
FN:46,(anonymous_5)
FN:56,(anonymous_6)
FN:64,(anonymous_7)
FN:81,getEncodedPassword
FN:85,invalidIdMessageHandler
FN:94,notNullMessageHandler
FN:97,(anonymous_11)
FN:103,uniqueMessageHandler
FN:112,internalServerMessageHandler
FN:124,errorHandler
FNF:15
FNH:15
FNDA:6,(anonymous_0)
FNDA:1,(anonymous_1)
FNDA:3,(anonymous_2)
FNDA:3,(anonymous_3)
FNDA:3,(anonymous_4)
FNDA:2,(anonymous_5)
FNDA:2,(anonymous_6)
FNDA:2,(anonymous_7)
FNDA:3,getEncodedPassword
FNDA:6,invalidIdMessageHandler
FNDA:6,notNullMessageHandler
FNDA:1,(anonymous_11)
FNDA:6,uniqueMessageHandler
FNDA:8,internalServerMessageHandler
FNDA:8,errorHandler
DA:10,6
DA:14,1
DA:18,3
DA:19,3
DA:20,3
DA:21,1
DA:23,3
DA:25,2
DA:30,3
DA:31,3
DA:32,2
DA:34,1
DA:39,3
DA:40,3
DA:42,2
DA:47,2
DA:48,2
DA:49,2
DA:50,1
DA:52,1
DA:57,2
DA:58,2
DA:60,1
DA:65,2
DA:66,2
DA:67,1
DA:68,1
DA:69,1
DA:72,1
DA:76,1
DA:82,3
DA:86,6
DA:87,1
DA:91,5
DA:95,6
DA:96,1
DA:97,1
DA:100,5
DA:104,6
DA:105,1
DA:109,5
DA:113,8
DA:114,6
DA:116,4
DA:119,4
DA:125,8
DA:126,8
DA:127,6
DA:128,6
DA:129,6
DA:131,8
DA:132,8
DA:133,8
LF:53
LH:53
BRDA:20,0,0,1
BRDA:20,0,1,2
BRDA:32,1,0,1
BRDA:32,1,1,1
BRDA:66,2,0,1
BRDA:66,2,1,1
BRDA:66,3,0,2
BRDA:66,3,1,1
BRDA:68,4,0,1
BRDA:68,4,1,0
BRDA:68,5,0,1
BRDA:68,5,1,1
BRDA:86,6,0,1
BRDA:86,6,1,5
BRDA:95,7,0,1
BRDA:95,7,1,5
BRDA:95,8,0,6
BRDA:95,8,1,6
BRDA:104,9,0,1
BRDA:104,9,1,5
BRDA:104,10,0,6
BRDA:104,10,1,5
BRDA:113,11,0,6
BRDA:113,11,1,2
BRDA:114,12,0,4
BRDA:114,12,1,2
BRDA:114,13,0,6
BRDA:114,13,1,3
BRDA:126,14,0,6
BRDA:126,14,1,2
BRF:30
BRH:29
end_of_record
TN:
SF:src\validation\exception-handler.js
FN:6,responseMessageHandler
FN:17,exceptionHandler
FN:20,(anonymous_2)
FN:27,getStatusCode
FNF:4
FNH:4
FNDA:16,responseMessageHandler
FNDA:15,exceptionHandler
FNDA:15,(anonymous_2)
FNDA:15,getStatusCode
DA:7,16
DA:8,16
DA:18,15
DA:19,15
DA:20,15
DA:21,15
DA:23,15
DA:28,15
DA:29,15
DA:30,2
DA:32,13
DA:33,2
DA:35,11
LF:13
LH:13
BRDA:9,0,0,8
BRDA:9,0,1,8
BRDA:11,1,0,8
BRDA:11,1,1,8
BRDA:29,2,0,2
BRDA:29,2,1,13
BRDA:32,3,0,2
BRDA:32,3,1,11
BRF:8
BRH:8
end_of_record
